Using pre-set license
Built from '2021.3/staging' branch; Version is '2021.3.3f1 (af2e63e8f9bd) revision 11480675'; Using compiler version '192829333'; Build Type 'Release'
OS: 'Windows 10  (10.0.19044) 64bit Core' Language: 'ko' Physical Memory: 16305 MB
BatchMode: 1, IsHumanControllingUs: 0, StartBugReporterOnCrash: 0, Is64bit: 1, IsPro: 1

COMMAND LINE ARGUMENTS:
C:\Program Files\Unity\Hub\Editor\2021.3.3f1\Editor\Unity.exe
-adb2
-batchMode
-noUpm
-name
AssetImportWorker2
-projectPath
D:/UnityProject/ChamABoSiDunGa/chamABoSidunGa
-logFile
Logs/AssetImportWorker2.log
-srvPort
49160
Successfully changed project path to: D:/UnityProject/ChamABoSiDunGa/chamABoSidunGa
D:/UnityProject/ChamABoSiDunGa/chamABoSidunGa
[UnityMemory] Configuration Parameters - Can be set up in boot.config
    "memorysetup-bucket-allocator-granularity=16"
    "memorysetup-bucket-allocator-bucket-count=8"
    "memorysetup-bucket-allocator-block-size=33554432"
    "memorysetup-bucket-allocator-block-count=8"
    "memorysetup-main-allocator-block-size=16777216"
    "memorysetup-thread-allocator-block-size=16777216"
    "memorysetup-gfx-main-allocator-block-size=16777216"
    "memorysetup-gfx-thread-allocator-block-size=16777216"
    "memorysetup-cache-allocator-block-size=4194304"
    "memorysetup-typetree-allocator-block-size=2097152"
    "memorysetup-profiler-bucket-allocator-granularity=16"
    "memorysetup-profiler-bucket-allocator-bucket-count=8"
    "memorysetup-profiler-bucket-allocator-block-size=33554432"
    "memorysetup-profiler-bucket-allocator-block-count=8"
    "memorysetup-profiler-allocator-block-size=16777216"
    "memorysetup-profiler-editor-allocator-block-size=1048576"
    "memorysetup-temp-allocator-size-main=16777216"
    "memorysetup-job-temp-allocator-block-size=2097152"
    "memorysetup-job-temp-allocator-block-size-background=1048576"
    "memorysetup-job-temp-allocator-reduction-small-platforms=262144"
    "memorysetup-temp-allocator-size-background-worker=32768"
    "memorysetup-temp-allocator-size-job-worker=262144"
    "memorysetup-temp-allocator-size-preload-manager=33554432"
    "memorysetup-temp-allocator-size-nav-mesh-worker=65536"
    "memorysetup-temp-allocator-size-audio-worker=65536"
    "memorysetup-temp-allocator-size-cloud-worker=32768"
    "memorysetup-temp-allocator-size-gi-baking-worker=262144"
    "memorysetup-temp-allocator-size-gfx=262144"
Refreshing native plugins compatible for Editor in 141.88 ms, found 3 plugins.
Preloading 0 native plugins for Editor in 0.00 ms.
Initialize engine version: 2021.3.3f1 (af2e63e8f9bd)
[Subsystems] Discovering subsystems at path C:/Program Files/Unity/Hub/Editor/2021.3.3f1/Editor/Data/Resources/UnitySubsystems
[Subsystems] Discovering subsystems at path D:/UnityProject/ChamABoSiDunGa/chamABoSidunGa/Assets
GfxDevice: creating device client; threaded=0; jobified=0
Direct3D:
    Version:  Direct3D 11.0 [level 11.1]
    Renderer: NVIDIA GeForce RTX 2070 Super with Max-Q Design (ID=0x1ed1)
    Vendor:   NVIDIA
    VRAM:     8011 MB
    Driver:   27.21.14.5167
Initialize mono
Mono path[0] = 'C:/Program Files/Unity/Hub/Editor/2021.3.3f1/Editor/Data/Managed'
Mono path[1] = 'C:/Program Files/Unity/Hub/Editor/2021.3.3f1/Editor/Data/MonoBleedingEdge/lib/mono/unityjit-win32'
Mono config path = 'C:/Program Files/Unity/Hub/Editor/2021.3.3f1/Editor/Data/MonoBleedingEdge/etc'
Using monoOptions --debugger-agent=transport=dt_socket,embedding=1,server=y,suspend=n,address=127.0.0.1:56236
Begin MonoManager ReloadAssembly
Registering precompiled unity dll's ...
Register platform support module: C:/Program Files/Unity/Hub/Editor/2021.3.3f1/Editor/Data/PlaybackEngines/AndroidPlayer/UnityEditor.Android.Extensions.dll
Register platform support module: C:/Program Files/Unity/Hub/Editor/2021.3.3f1/Editor/Data/PlaybackEngines/WindowsStandaloneSupport/UnityEditor.WindowsStandalone.Extensions.dll
Registered in 0.017914 seconds.
Native extension for WindowsStandalone target not found
Native extension for Android target not found
Refreshing native plugins compatible for Editor in 136.80 ms, found 3 plugins.
Preloading 0 native plugins for Editor in 0.00 ms.
Mono: successfully reloaded assembly
- Completed reload, in  1.025 seconds
Domain Reload Profiling:
	ReloadAssembly (1025ms)
		BeginReloadAssembly (131ms)
			ExecutionOrderSort (0ms)
			DisableScriptedObjects (0ms)
			BackupInstance (0ms)
			ReleaseScriptingObjects (0ms)
			CreateAndSetChildDomain (1ms)
		EndReloadAssembly (713ms)
			LoadAssemblies (127ms)
			RebuildTransferFunctionScriptingTraits (0ms)
			SetupTypeCache (161ms)
			ReleaseScriptCaches (0ms)
			RebuildScriptCaches (40ms)
			SetupLoadedEditorAssemblies (434ms)
				LogAssemblyErrors (0ms)
				InitializePlatformSupportModulesInManaged (86ms)
				SetLoadedEditorAssemblies (0ms)
				RefreshPlugins (137ms)
				BeforeProcessingInitializeOnLoad (2ms)
				ProcessInitializeOnLoadAttributes (143ms)
				ProcessInitializeOnLoadMethodAttributes (66ms)
				AfterProcessingInitializeOnLoad (0ms)
				EditorAssembliesLoaded (0ms)
			ExecutionOrderSort2 (0ms)
			AwakeInstancesAfterBackupRestoration (0ms)
Platform modules already initialized, skipping
Registering precompiled user dll's ...
Registered in 0.010020 seconds.
Begin MonoManager ReloadAssembly
Symbol file LoadedFromMemory doesn't match image D:\UnityProject\ChamABoSiDunGa\chamABoSidunGa\Library\PackageCache\com.unity.visualscripting@1.7.6\Editor\VisualScripting.Core\Dependencies\YamlDotNet\Unity.VisualScripting.YamlDotNet.dll
Symbol file LoadedFromMemory doesn't match image D:\UnityProject\ChamABoSiDunGa\chamABoSidunGa\Library\PackageCache\com.unity.visualscripting@1.7.6\Editor\VisualScripting.Core\Dependencies\DotNetZip\Unity.VisualScripting.IonicZip.dll
Native extension for WindowsStandalone target not found
Native extension for Android target not found
Refreshing native plugins compatible for Editor in 0.88 ms, found 3 plugins.
Preloading 0 native plugins for Editor in 0.00 ms.
Mono: successfully reloaded assembly
- Completed reload, in  1.784 seconds
Domain Reload Profiling:
	ReloadAssembly (1785ms)
		BeginReloadAssembly (297ms)
			ExecutionOrderSort (0ms)
			DisableScriptedObjects (9ms)
			BackupInstance (0ms)
			ReleaseScriptingObjects (0ms)
			CreateAndSetChildDomain (143ms)
		EndReloadAssembly (1310ms)
			LoadAssemblies (155ms)
			RebuildTransferFunctionScriptingTraits (0ms)
			SetupTypeCache (417ms)
			ReleaseScriptCaches (1ms)
			RebuildScriptCaches (82ms)
			SetupLoadedEditorAssemblies (613ms)
				LogAssemblyErrors (0ms)
				InitializePlatformSupportModulesInManaged (23ms)
				SetLoadedEditorAssemblies (1ms)
				RefreshPlugins (1ms)
				BeforeProcessingInitializeOnLoad (148ms)
				ProcessInitializeOnLoadAttributes (368ms)
				ProcessInitializeOnLoadMethodAttributes (52ms)
				AfterProcessingInitializeOnLoad (20ms)
				EditorAssembliesLoaded (0ms)
			ExecutionOrderSort2 (0ms)
			AwakeInstancesAfterBackupRestoration (11ms)
Platform modules already initialized, skipping
========================================================================
Worker process is ready to serve import requests
Launched and connected shader compiler UnityShaderCompiler.exe after 0.10 seconds
Refreshing native plugins compatible for Editor in 0.88 ms, found 3 plugins.
Preloading 0 native plugins for Editor in 0.00 ms.
Unloading 3770 Unused Serialized files (Serialized files now loaded: 0)
Unloading 27 unused Assets / (172.9 KB). Loaded Objects now: 4232.
Memory consumption went from 135.1 MB to 134.9 MB.
Total: 4.525200 ms (FindLiveObjects: 0.343200 ms CreateObjectMapping: 0.306200 ms MarkObjects: 3.698700 ms  DeleteObjects: 0.175800 ms)

AssetImportParameters requested are different than current active one (requested -> active):
  custom:video-decoder-ogg-theora: a1e56fd34408186e4bbccfd4996cb3dc -> 
  custom:container-muxer-webm: aa71ff27fc2769a1b78a27578f13a17b -> 
  custom:container-demuxer-webm: 4f35f7cbe854078d1ac9338744f61a02 -> 
  custom:video-encoder-webm-vp8: eb34c28f22e8b96e1ab97ce403110664 -> 
  custom:video-codec-MediaFoundation-h265: 746d11721c4dcdbdad8f713fa42b33f4 -> 
  custom:audio-encoder-webm-vorbis: bf7c407c2cedff20999df2af8eb42d56 -> 
  custom:framework-win-MediaFoundation: 216162199b28c13a410421893ffa2e32 -> 
  custom:container-demuxer-ogg: 62fdf1f143b41e24485cea50d1cbac27 -> 
  custom:video-decoder-webm-vp8: 9c59270c3fd7afecdb556c50c9e8de78 -> 
  custom:audio-decoder-ogg-vorbis: bf7c407c2cedff20999df2af8eb42d56 -> 
========================================================================
Received Import Request.
  Time since last request: 2047596.037624 seconds.
  path: Assets/External_Asset/HQ Laptop/Materials
  artifactKey: Guid(f31bc4cd5d9da3749a96097c0c773454) Importer(815301076,1909f56bfc062723c751e8b465ee728b)
Start importing Assets/External_Asset/HQ Laptop/Materials using Guid(f31bc4cd5d9da3749a96097c0c773454) Importer(815301076,1909f56bfc062723c751e8b465ee728b)  -> (artifact id: '8a46fb4ce9d187f76051426f4e71318d') in 0.015823 seconds 
========================================================================
Received Import Request.
  Time since last request: 0.069449 seconds.
  path: Assets/External_Asset/HQ Laptop/Materials/e.mat
  artifactKey: Guid(06cc221cf98de2344896d0af83ff0eef) Importer(815301076,1909f56bfc062723c751e8b465ee728b)
Start importing Assets/External_Asset/HQ Laptop/Materials/e.mat using Guid(06cc221cf98de2344896d0af83ff0eef) Importer(815301076,1909f56bfc062723c751e8b465ee728b)  -> (artifact id: 'e7bc70874a8088680b1babe6b7c0912b') in 0.195472 seconds 
========================================================================
Received Import Request.
  Time since last request: 29.238959 seconds.
  path: Assets/External_Asset/AssetStoreOriginals/_SNAPS_PrototypingAssets/ModernOffice_Interior/Prefabs/Structure/Walls
  artifactKey: Guid(0fcbcd8f4eba7af499ac988117c0d64b) Importer(815301076,1909f56bfc062723c751e8b465ee728b)
Start importing Assets/External_Asset/AssetStoreOriginals/_SNAPS_PrototypingAssets/ModernOffice_Interior/Prefabs/Structure/Walls using Guid(0fcbcd8f4eba7af499ac988117c0d64b) Importer(815301076,1909f56bfc062723c751e8b465ee728b)  -> (artifact id: 'c10499c13164666016512a061eff8fd2') in 0.012209 seconds 
========================================================================
Received Import Request.
  Time since last request: 11.082318 seconds.
  path: Assets/External_Asset/iPoly3D/Server Room/Prefabs
  artifactKey: Guid(7299c43b87688954182edc8a3a9abda2) Importer(815301076,1909f56bfc062723c751e8b465ee728b)
Start importing Assets/External_Asset/iPoly3D/Server Room/Prefabs using Guid(7299c43b87688954182edc8a3a9abda2) Importer(815301076,1909f56bfc062723c751e8b465ee728b)  -> (artifact id: '9ccd67464cbe097e7cd7383d0955ffc8') in 0.011081 seconds 
========================================================================
Received Import Request.
  Time since last request: 0.095061 seconds.
  path: Assets/External_Asset/iPoly3D/Server Room/Prefabs/airvent.prefab
  artifactKey: Guid(d7cd5c7975835a14cae4bcbafa34bd4b) Importer(815301076,1909f56bfc062723c751e8b465ee728b)
Start importing Assets/External_Asset/iPoly3D/Server Room/Prefabs/airvent.prefab using Guid(d7cd5c7975835a14cae4bcbafa34bd4b) Importer(815301076,1909f56bfc062723c751e8b465ee728b)  -> (artifact id: 'a3250226850854bbbe000c7f7d5715e3') in 0.039948 seconds 
========================================================================
Received Import Request.
  Time since last request: 0.000024 seconds.
  path: Assets/External_Asset/iPoly3D/Server Room/Prefabs/Keyboard.prefab
  artifactKey: Guid(ec78088b7a0003d48ac6ee3afada669e) Importer(815301076,1909f56bfc062723c751e8b465ee728b)
Start importing Assets/External_Asset/iPoly3D/Server Room/Prefabs/Keyboard.prefab using Guid(ec78088b7a0003d48ac6ee3afada669e) Importer(815301076,1909f56bfc062723c751e8b465ee728b)  -> (artifact id: '62a1111f9c8b41480053bff538ffa01d') in 0.033851 seconds 
========================================================================
Received Import Request.
  Time since last request: 0.000039 seconds.
  path: Assets/External_Asset/iPoly3D/Server Room/Prefabs/pc.prefab
  artifactKey: Guid(424622fb2f5ecf54b87e7c616e7ec1dd) Importer(815301076,1909f56bfc062723c751e8b465ee728b)
Start importing Assets/External_Asset/iPoly3D/Server Room/Prefabs/pc.prefab using Guid(424622fb2f5ecf54b87e7c616e7ec1dd) Importer(815301076,1909f56bfc062723c751e8b465ee728b)  -> (artifact id: 'a0291b8472c4781170ce9252f6ab579c') in 0.032797 seconds 
========================================================================
Received Import Request.
  Time since last request: 0.000038 seconds.
  path: Assets/External_Asset/iPoly3D/Server Room/Prefabs/electric cable.prefab
  artifactKey: Guid(62e70069d36571e41b6fa07f1eeb764b) Importer(815301076,1909f56bfc062723c751e8b465ee728b)
Start importing Assets/External_Asset/iPoly3D/Server Room/Prefabs/electric cable.prefab using Guid(62e70069d36571e41b6fa07f1eeb764b) Importer(815301076,1909f56bfc062723c751e8b465ee728b)  -> (artifact id: 'a9f06d1fa806ac899514c0b8f8b87aa8') in 0.053682 seconds 
========================================================================
Received Import Request.
  Time since last request: 0.000027 seconds.
  path: Assets/External_Asset/iPoly3D/Server Room/Prefabs/pencil.prefab
  artifactKey: Guid(5bce66f7433474e4ebaf06e4434835be) Importer(815301076,1909f56bfc062723c751e8b465ee728b)
Start importing Assets/External_Asset/iPoly3D/Server Room/Prefabs/pencil.prefab using Guid(5bce66f7433474e4ebaf06e4434835be) Importer(815301076,1909f56bfc062723c751e8b465ee728b)  -> (artifact id: '9592e1b4fdc149266679a75f6c08bf9d') in 0.040907 seconds 
========================================================================
Received Import Request.
  Time since last request: 0.000031 seconds.
  path: Assets/External_Asset/iPoly3D/Server Room/Prefabs/wall.prefab
  artifactKey: Guid(80cbb9df11318004a95e198e69e78a10) Importer(815301076,1909f56bfc062723c751e8b465ee728b)
Start importing Assets/External_Asset/iPoly3D/Server Room/Prefabs/wall.prefab using Guid(80cbb9df11318004a95e198e69e78a10) Importer(815301076,1909f56bfc062723c751e8b465ee728b)  -> (artifact id: 'd6bf7ac3fa97ddcd234d7d27e2a79038') in 0.040116 seconds 
========================================================================
Received Import Request.
  Time since last request: 0.000038 seconds.
  path: Assets/External_Asset/iPoly3D/Server Room/Prefabs/wall_door.prefab
  artifactKey: Guid(ba08e2e36c3186d47bb5bff407ef271e) Importer(815301076,1909f56bfc062723c751e8b465ee728b)
Start importing Assets/External_Asset/iPoly3D/Server Room/Prefabs/wall_door.prefab using Guid(ba08e2e36c3186d47bb5bff407ef271e) Importer(815301076,1909f56bfc062723c751e8b465ee728b)  -> (artifact id: '3a18d1c628fa97f40b0697b4741988e2') in 0.042775 seconds 
========================================================================
Received Import Request.
  Time since last request: 0.000035 seconds.
  path: Assets/External_Asset/iPoly3D/Server Room/Prefabs/exit_sign.prefab
  artifactKey: Guid(01416d383f6bdc14e811adfc51255eaa) Importer(815301076,1909f56bfc062723c751e8b465ee728b)
Start importing Assets/External_Asset/iPoly3D/Server Room/Prefabs/exit_sign.prefab using Guid(01416d383f6bdc14e811adfc51255eaa) Importer(815301076,1909f56bfc062723c751e8b465ee728b)  -> (artifact id: '4c2026e9982a2258488ca664de40c36c') in 0.036220 seconds 
========================================================================
Received Import Request.
  Time since last request: 0.000040 seconds.
  path: Assets/External_Asset/iPoly3D/Server Room/Prefabs/mousepad.prefab
  artifactKey: Guid(756f878363fcf1a4f89e45fa167dd3ed) Importer(815301076,1909f56bfc062723c751e8b465ee728b)
Start importing Assets/External_Asset/iPoly3D/Server Room/Prefabs/mousepad.prefab using Guid(756f878363fcf1a4f89e45fa167dd3ed) Importer(815301076,1909f56bfc062723c751e8b465ee728b)  -> (artifact id: '6a2649595fcde3bc8c1b0c67f5302efa') in 0.035175 seconds 
========================================================================
Received Import Request.
  Time since last request: 0.000024 seconds.
  path: Assets/External_Asset/iPoly3D/Server Room/Prefabs/ceiling_single.prefab
  artifactKey: Guid(3f4814451272e874f9d7dc1534b22b63) Importer(815301076,1909f56bfc062723c751e8b465ee728b)
Start importing Assets/External_Asset/iPoly3D/Server Room/Prefabs/ceiling_single.prefab using Guid(3f4814451272e874f9d7dc1534b22b63) Importer(815301076,1909f56bfc062723c751e8b465ee728b)  -> (artifact id: 'ab19773db79efa5248a7463c2367d1c0') in 0.038771 seconds 
========================================================================
Received Import Request.
  Time since last request: 0.000031 seconds.
  path: Assets/External_Asset/iPoly3D/Server Room/Prefabs/server_2.prefab
  artifactKey: Guid(b4f729d9618a65543baedfac3b0a7311) Importer(815301076,1909f56bfc062723c751e8b465ee728b)
Start importing Assets/External_Asset/iPoly3D/Server Room/Prefabs/server_2.prefab using Guid(b4f729d9618a65543baedfac3b0a7311) Importer(815301076,1909f56bfc062723c751e8b465ee728b)  -> (artifact id: '31564443383deac9968271cc769f2d2b') in 0.036699 seconds 
========================================================================
Received Import Request.
  Time since last request: 0.000035 seconds.
  path: Assets/External_Asset/iPoly3D/Server Room/Prefabs/server.prefab
  artifactKey: Guid(2f3fe288da751a2428fc82d8e5ed9f7e) Importer(815301076,1909f56bfc062723c751e8b465ee728b)
Start importing Assets/External_Asset/iPoly3D/Server Room/Prefabs/server.prefab using Guid(2f3fe288da751a2428fc82d8e5ed9f7e) Importer(815301076,1909f56bfc062723c751e8b465ee728b)  -> (artifact id: '9343a89f70680de5bdf0526438bb024e') in 0.040157 seconds 
========================================================================
Received Import Request.
  Time since last request: 927.399612 seconds.
  path: Assets/Scenes/InGame.unity
  artifactKey: Guid(1eab098483f56e74797abfee6bd6218e) Importer(815301076,1909f56bfc062723c751e8b465ee728b)
Start importing Assets/Scenes/InGame.unity using Guid(1eab098483f56e74797abfee6bd6218e) Importer(815301076,1909f56bfc062723c751e8b465ee728b)  -> (artifact id: 'f0faedf8e92d6d0194a5fd53eacf204e') in 0.022563 seconds 
========================================================================
Received Prepare
Registering precompiled user dll's ...
Registered in 0.008766 seconds.
Begin MonoManager ReloadAssembly
Symbol file LoadedFromMemory doesn't match image D:\UnityProject\ChamABoSiDunGa\chamABoSidunGa\Library\PackageCache\com.unity.visualscripting@1.7.6\Editor\VisualScripting.Core\Dependencies\YamlDotNet\Unity.VisualScripting.YamlDotNet.dll
Symbol file LoadedFromMemory doesn't match image D:\UnityProject\ChamABoSiDunGa\chamABoSidunGa\Library\PackageCache\com.unity.visualscripting@1.7.6\Editor\VisualScripting.Core\Dependencies\DotNetZip\Unity.VisualScripting.IonicZip.dll
Native extension for WindowsStandalone target not found
Native extension for Android target not found
Refreshing native plugins compatible for Editor in 0.97 ms, found 3 plugins.
Preloading 0 native plugins for Editor in 0.00 ms.
Mono: successfully reloaded assembly
- Completed reload, in  2.519 seconds
Domain Reload Profiling:
	ReloadAssembly (2521ms)
		BeginReloadAssembly (207ms)
			ExecutionOrderSort (0ms)
			DisableScriptedObjects (9ms)
			BackupInstance (0ms)
			ReleaseScriptingObjects (0ms)
			CreateAndSetChildDomain (48ms)
		EndReloadAssembly (2163ms)
			LoadAssemblies (143ms)
			RebuildTransferFunctionScriptingTraits (0ms)
			SetupTypeCache (681ms)
			ReleaseScriptCaches (4ms)
			RebuildScriptCaches (143ms)
			SetupLoadedEditorAssemblies (998ms)
				LogAssemblyErrors (0ms)
				InitializePlatformSupportModulesInManaged (62ms)
				SetLoadedEditorAssemblies (1ms)
				RefreshPlugins (1ms)
				BeforeProcessingInitializeOnLoad (194ms)
				ProcessInitializeOnLoadAttributes (632ms)
				ProcessInitializeOnLoadMethodAttributes (77ms)
				AfterProcessingInitializeOnLoad (30ms)
				EditorAssembliesLoaded (1ms)
			ExecutionOrderSort2 (0ms)
			AwakeInstancesAfterBackupRestoration (19ms)
Platform modules already initialized, skipping
Refreshing native plugins compatible for Editor in 7.22 ms, found 3 plugins.
Preloading 0 native plugins for Editor in 0.00 ms.
Unloading 3745 Unused Serialized files (Serialized files now loaded: 0)
Unloading 20 unused Assets / (124.8 KB). Loaded Objects now: 4274.
Memory consumption went from 137.6 MB to 137.5 MB.
Total: 8.825200 ms (FindLiveObjects: 0.355800 ms CreateObjectMapping: 0.235400 ms MarkObjects: 8.035600 ms  DeleteObjects: 0.196600 ms)

AssetImportParameters requested are different than current active one (requested -> active):
  custom:video-decoder-ogg-theora: a1e56fd34408186e4bbccfd4996cb3dc -> 
  custom:container-muxer-webm: aa71ff27fc2769a1b78a27578f13a17b -> 
  custom:container-demuxer-webm: 4f35f7cbe854078d1ac9338744f61a02 -> 
  custom:video-encoder-webm-vp8: eb34c28f22e8b96e1ab97ce403110664 -> 
  custom:video-codec-MediaFoundation-h265: 746d11721c4dcdbdad8f713fa42b33f4 -> 
  custom:audio-encoder-webm-vorbis: bf7c407c2cedff20999df2af8eb42d56 -> 
  custom:framework-win-MediaFoundation: 216162199b28c13a410421893ffa2e32 -> 
  custom:container-demuxer-ogg: 62fdf1f143b41e24485cea50d1cbac27 -> 
  custom:video-decoder-webm-vp8: 9c59270c3fd7afecdb556c50c9e8de78 -> 
  custom:audio-decoder-ogg-vorbis: bf7c407c2cedff20999df2af8eb42d56 -> 
========================================================================
Received Prepare
Refreshing native plugins compatible for Editor in 7.10 ms, found 3 plugins.
Preloading 0 native plugins for Editor in 0.00 ms.
Unloading 20 Unused Serialized files (Serialized files now loaded: 0)
Unloading 20 unused Assets / (122.3 KB). Loaded Objects now: 4274.
Memory consumption went from 63.1 MB to 63.0 MB.
Total: 3.911400 ms (FindLiveObjects: 0.323400 ms CreateObjectMapping: 0.218600 ms MarkObjects: 3.235100 ms  DeleteObjects: 0.132800 ms)

AssetImportParameters requested are different than current active one (requested -> active):
  custom:video-decoder-ogg-theora: a1e56fd34408186e4bbccfd4996cb3dc -> 
  custom:container-muxer-webm: aa71ff27fc2769a1b78a27578f13a17b -> 
  custom:container-demuxer-webm: 4f35f7cbe854078d1ac9338744f61a02 -> 
  custom:video-encoder-webm-vp8: eb34c28f22e8b96e1ab97ce403110664 -> 
  custom:video-codec-MediaFoundation-h265: 746d11721c4dcdbdad8f713fa42b33f4 -> 
  custom:audio-encoder-webm-vorbis: bf7c407c2cedff20999df2af8eb42d56 -> 
  custom:framework-win-MediaFoundation: 216162199b28c13a410421893ffa2e32 -> 
  custom:container-demuxer-ogg: 62fdf1f143b41e24485cea50d1cbac27 -> 
  custom:video-decoder-webm-vp8: 9c59270c3fd7afecdb556c50c9e8de78 -> 
  custom:audio-decoder-ogg-vorbis: bf7c407c2cedff20999df2af8eb42d56 -> 
========================================================================
Received Prepare
Refreshing native plugins compatible for Editor in 6.46 ms, found 3 plugins.
Preloading 0 native plugins for Editor in 0.00 ms.
Unloading 20 Unused Serialized files (Serialized files now loaded: 0)
Unloading 20 unused Assets / (137.9 KB). Loaded Objects now: 4274.
Memory consumption went from 63.1 MB to 63.0 MB.
Total: 4.159800 ms (FindLiveObjects: 0.315100 ms CreateObjectMapping: 0.225300 ms MarkObjects: 3.468700 ms  DeleteObjects: 0.149600 ms)

AssetImportParameters requested are different than current active one (requested -> active):
  custom:video-decoder-ogg-theora: a1e56fd34408186e4bbccfd4996cb3dc -> 
  custom:container-muxer-webm: aa71ff27fc2769a1b78a27578f13a17b -> 
  custom:container-demuxer-webm: 4f35f7cbe854078d1ac9338744f61a02 -> 
  custom:video-encoder-webm-vp8: eb34c28f22e8b96e1ab97ce403110664 -> 
  custom:video-codec-MediaFoundation-h265: 746d11721c4dcdbdad8f713fa42b33f4 -> 
  custom:audio-encoder-webm-vorbis: bf7c407c2cedff20999df2af8eb42d56 -> 
  custom:framework-win-MediaFoundation: 216162199b28c13a410421893ffa2e32 -> 
  custom:container-demuxer-ogg: 62fdf1f143b41e24485cea50d1cbac27 -> 
  custom:video-decoder-webm-vp8: 9c59270c3fd7afecdb556c50c9e8de78 -> 
  custom:audio-decoder-ogg-vorbis: bf7c407c2cedff20999df2af8eb42d56 -> 
========================================================================
Received Prepare
Refreshing native plugins compatible for Editor in 7.25 ms, found 3 plugins.
Preloading 0 native plugins for Editor in 0.00 ms.
Unloading 20 Unused Serialized files (Serialized files now loaded: 0)
Unloading 20 unused Assets / (137.9 KB). Loaded Objects now: 4274.
Memory consumption went from 63.1 MB to 63.0 MB.
Total: 6.450500 ms (FindLiveObjects: 0.317200 ms CreateObjectMapping: 0.221400 ms MarkObjects: 5.751600 ms  DeleteObjects: 0.158900 ms)

AssetImportParameters requested are different than current active one (requested -> active):
  custom:video-decoder-ogg-theora: a1e56fd34408186e4bbccfd4996cb3dc -> 
  custom:container-muxer-webm: aa71ff27fc2769a1b78a27578f13a17b -> 
  custom:container-demuxer-webm: 4f35f7cbe854078d1ac9338744f61a02 -> 
  custom:video-encoder-webm-vp8: eb34c28f22e8b96e1ab97ce403110664 -> 
  custom:video-codec-MediaFoundation-h265: 746d11721c4dcdbdad8f713fa42b33f4 -> 
  custom:audio-encoder-webm-vorbis: bf7c407c2cedff20999df2af8eb42d56 -> 
  custom:framework-win-MediaFoundation: 216162199b28c13a410421893ffa2e32 -> 
  custom:container-demuxer-ogg: 62fdf1f143b41e24485cea50d1cbac27 -> 
  custom:video-decoder-webm-vp8: 9c59270c3fd7afecdb556c50c9e8de78 -> 
  custom:audio-decoder-ogg-vorbis: bf7c407c2cedff20999df2af8eb42d56 -> 
